<?xml version="1.0" encoding="UTF-8"?>
<coverage generated="1745356618905" clover="3.2.0">
  <project timestamp="1745356618905" name="All files">
    <metrics statements="54" coveredstatements="54" conditionals="14" coveredconditionals="12" methods="17" coveredmethods="17" elements="85" coveredelements="83" complexity="0" loc="54" ncloc="54" packages="3" files="8" classes="8"/>
    <package name="components.ui">
      <metrics statements="14" coveredstatements="14" conditionals="9" coveredconditionals="8" methods="5" coveredmethods="5"/>
      <file name="Button.tsx" path="/Users/etem/Desktop/react-projects/codible-app/codible/src/components/ui/Button.tsx">
        <metrics statements="4" coveredstatements="4" conditionals="4" coveredconditionals="3" methods="1" coveredmethods="1"/>
        <line num="2" count="3" type="stmt"/>
        <line num="14" count="3" type="stmt"/>
        <line num="20" count="3" type="stmt"/>
        <line num="27" count="10" type="stmt"/>
      </file>
      <file name="Input.tsx" path="/Users/etem/Desktop/react-projects/codible-app/codible/src/components/ui/Input.tsx">
        <metrics statements="2" coveredstatements="2" conditionals="3" coveredconditionals="3" methods="1" coveredmethods="1"/>
        <line num="11" count="2" type="stmt"/>
        <line num="18" count="6" type="stmt"/>
      </file>
      <file name="ThemeToggle.tsx" path="/Users/etem/Desktop/react-projects/codible-app/codible/src/components/ui/ThemeToggle.tsx">
        <metrics statements="8" coveredstatements="8" conditionals="2" coveredconditionals="2" methods="3" coveredmethods="3"/>
        <line num="1" count="1" type="stmt"/>
        <line num="2" count="1" type="stmt"/>
        <line num="4" count="1" type="stmt"/>
        <line num="6" count="1" type="stmt"/>
        <line num="7" count="4" type="stmt"/>
        <line num="8" count="8" type="stmt"/>
        <line num="10" count="4" type="stmt"/>
        <line num="12" count="1" type="stmt"/>
      </file>
    </package>
    <package name="features.tasks">
      <metrics statements="26" coveredstatements="26" conditionals="3" coveredconditionals="2" methods="8" coveredmethods="8"/>
      <file name="TaskCard.tsx" path="/Users/etem/Desktop/react-projects/codible-app/codible/src/features/tasks/TaskCard.tsx">
        <metrics statements="2" coveredstatements="2" conditionals="0" coveredconditionals="0" methods="1" coveredmethods="1"/>
        <line num="6" count="2" type="stmt"/>
        <line num="7" count="6" type="stmt"/>
      </file>
      <file name="TaskForm.tsx" path="/Users/etem/Desktop/react-projects/codible-app/codible/src/features/tasks/TaskForm.tsx">
        <metrics statements="15" coveredstatements="15" conditionals="1" coveredconditionals="0" methods="3" coveredmethods="3"/>
        <line num="1" count="1" type="stmt"/>
        <line num="2" count="1" type="stmt"/>
        <line num="3" count="1" type="stmt"/>
        <line num="5" count="1" type="stmt"/>
        <line num="6" count="1" type="stmt"/>
        <line num="10" count="1" type="stmt"/>
        <line num="11" count="4" type="stmt"/>
        <line num="12" count="4" type="stmt"/>
        <line num="14" count="4" type="stmt"/>
        <line num="15" count="1" type="stmt"/>
        <line num="16" count="1" type="cond" truecount="0" falsecount="1"/>
        <line num="17" count="1" type="stmt"/>
        <line num="18" count="1" type="stmt"/>
        <line num="20" count="4" type="stmt"/>
        <line num="22" count="1" type="stmt"/>
      </file>
      <file name="TaskList.tsx" path="/Users/etem/Desktop/react-projects/codible-app/codible/src/features/tasks/TaskList.tsx">
        <metrics statements="9" coveredstatements="9" conditionals="2" coveredconditionals="2" methods="4" coveredmethods="4"/>
        <line num="1" count="1" type="stmt"/>
        <line num="2" count="1" type="stmt"/>
        <line num="4" count="1" type="stmt"/>
        <line num="7" count="1" type="stmt"/>
        <line num="9" count="8" type="stmt"/>
        <line num="10" count="4" type="stmt"/>
        <line num="13" count="4" type="stmt"/>
        <line num="18" count="4" type="stmt"/>
        <line num="21" count="1" type="stmt"/>
      </file>
    </package>
    <package name="store">
      <metrics statements="14" coveredstatements="14" conditionals="2" coveredconditionals="2" methods="4" coveredmethods="4"/>
      <file name="tasksSlice.ts" path="/Users/etem/Desktop/react-projects/codible-app/codible/src/store/tasksSlice.ts">
        <metrics statements="8" coveredstatements="8" conditionals="0" coveredconditionals="0" methods="3" coveredmethods="3"/>
        <line num="1" count="3" type="stmt"/>
        <line num="10" count="3" type="stmt"/>
        <line num="13" count="3" type="stmt"/>
        <line num="18" count="6" type="stmt"/>
        <line num="22" count="6" type="stmt"/>
        <line num="25" count="3" type="stmt"/>
        <line num="29" count="3" type="stmt"/>
        <line num="30" count="3" type="stmt"/>
      </file>
      <file name="themeSlice.ts" path="/Users/etem/Desktop/react-projects/codible-app/codible/src/store/themeSlice.ts">
        <metrics statements="6" coveredstatements="6" conditionals="2" coveredconditionals="2" methods="1" coveredmethods="1"/>
        <line num="1" count="2" type="stmt"/>
        <line num="7" count="2" type="stmt"/>
        <line num="11" count="2" type="stmt"/>
        <line num="16" count="3" type="cond" truecount="2" falsecount="0"/>
        <line num="21" count="2" type="stmt"/>
        <line num="22" count="2" type="stmt"/>
      </file>
    </package>
  </project>
</coverage>
