{"/Users/etem/Desktop/react-projects/codible-app/codible/src/components/ui/Button.tsx": {"path":"/Users/etem/Desktop/react-projects/codible-app/codible/src/components/ui/Button.tsx","statementMap":{"0":{"start":{"line":2,"column":0},"end":{"line":2,"column":24}},"1":{"start":{"line":14,"column":45},"end":{"line":18,"column":null}},"2":{"start":{"line":20,"column":45},"end":{"line":40,"column":1}},"3":{"start":{"line":27,"column":4},"end":{"line":39,"column":6}},"4":{"start":{"line":20,"column":13},"end":{"line":20,"column":45}}},"fnMap":{"0":{"name":"(anonymous_1)","decl":{"start":{"line":20,"column":45},"end":{"line":20,"column":46}},"loc":{"start":{"line":26,"column":5},"end":{"line":40,"column":1}}}},"branchMap":{"0":{"loc":{"start":{"line":24,"column":4},"end":{"line":24,"column":23}},"type":"default-arg","locations":[{"start":{"line":24,"column":14},"end":{"line":24,"column":23}}]},"1":{"loc":{"start":{"line":25,"column":4},"end":{"line":25,"column":20}},"type":"default-arg","locations":[{"start":{"line":25,"column":15},"end":{"line":25,"column":20}}]},"2":{"loc":{"start":{"line":33,"column":16},"end":{"line":33,"column":59}},"type":"binary-expr","locations":[{"start":{"line":33,"column":16},"end":{"line":33,"column":24}},{"start":{"line":33,"column":28},"end":{"line":33,"column":59}}]}},"s":{"0":3,"1":3,"2":3,"3":10,"4":3},"f":{"0":10},"b":{"0":[6],"1":[10],"2":[10,0]}}
,"/Users/etem/Desktop/react-projects/codible-app/codible/src/components/ui/Input.tsx": {"path":"/Users/etem/Desktop/react-projects/codible-app/codible/src/components/ui/Input.tsx","statementMap":{"0":{"start":{"line":11,"column":21},"end":{"line":27,"column":1}},"1":{"start":{"line":18,"column":2},"end":{"line":26,"column":4}},"2":{"start":{"line":11,"column":13},"end":{"line":11,"column":21}}},"fnMap":{"0":{"name":"(anonymous_0)","decl":{"start":{"line":11,"column":21},"end":{"line":11,"column":22}},"loc":{"start":{"line":17,"column":17},"end":{"line":27,"column":1}}}},"branchMap":{"0":{"loc":{"start":{"line":14,"column":2},"end":{"line":14,"column":18}},"type":"default-arg","locations":[{"start":{"line":14,"column":16},"end":{"line":14,"column":18}}]},"1":{"loc":{"start":{"line":15,"column":2},"end":{"line":15,"column":15}},"type":"default-arg","locations":[{"start":{"line":15,"column":9},"end":{"line":15,"column":15}}]},"2":{"loc":{"start":{"line":16,"column":2},"end":{"line":16,"column":16}},"type":"default-arg","locations":[{"start":{"line":16,"column":14},"end":{"line":16,"column":16}}]}},"s":{"0":2,"1":6,"2":2},"f":{"0":6},"b":{"0":[1],"1":[6],"2":[6]}}
,"/Users/etem/Desktop/react-projects/codible-app/codible/src/components/ui/ThemeToggle.tsx": {"path":"/Users/etem/Desktop/react-projects/codible-app/codible/src/components/ui/ThemeToggle.tsx","statementMap":{"0":{"start":{"line":1,"column":0},"end":{"line":1,"column":55}},"1":{"start":{"line":2,"column":0},"end":{"line":2,"column":53}},"2":{"start":{"line":4,"column":0},"end":{"line":4,"column":34}},"3":{"start":{"line":6,"column":27},"end":{"line":19,"column":1}},"4":{"start":{"line":7,"column":19},"end":{"line":7,"column":32}},"5":{"start":{"line":8,"column":16},"end":{"line":8,"column":67}},"6":{"start":{"line":8,"column":50},"end":{"line":8,"column":66}},"7":{"start":{"line":10,"column":2},"end":{"line":18,"column":4}},"8":{"start":{"line":12,"column":21},"end":{"line":12,"column":44}},"9":{"start":{"line":6,"column":13},"end":{"line":6,"column":27}}},"fnMap":{"0":{"name":"(anonymous_0)","decl":{"start":{"line":6,"column":27},"end":{"line":6,"column":30}},"loc":{"start":{"line":6,"column":32},"end":{"line":19,"column":1}}},"1":{"name":"(anonymous_1)","decl":{"start":{"line":8,"column":28},"end":{"line":8,"column":29}},"loc":{"start":{"line":8,"column":50},"end":{"line":8,"column":66}}},"2":{"name":"(anonymous_2)","decl":{"start":{"line":12,"column":15},"end":{"line":12,"column":18}},"loc":{"start":{"line":12,"column":21},"end":{"line":12,"column":44}}}},"branchMap":{"0":{"loc":{"start":{"line":16,"column":7},"end":{"line":16,"column":55}},"type":"cond-expr","locations":[{"start":{"line":16,"column":26},"end":{"line":16,"column":39}},{"start":{"line":16,"column":42},"end":{"line":16,"column":55}}]}},"s":{"0":1,"1":1,"2":1,"3":1,"4":4,"5":4,"6":8,"7":4,"8":1,"9":1},"f":{"0":4,"1":8,"2":1},"b":{"0":[2,2]}}
,"/Users/etem/Desktop/react-projects/codible-app/codible/src/features/tasks/TaskCard.tsx": {"path":"/Users/etem/Desktop/react-projects/codible-app/codible/src/features/tasks/TaskCard.tsx","statementMap":{"0":{"start":{"line":6,"column":26},"end":{"line":18,"column":3}},"1":{"start":{"line":7,"column":4},"end":{"line":17,"column":6}},"2":{"start":{"line":6,"column":15},"end":{"line":6,"column":26}}},"fnMap":{"0":{"name":"(anonymous_0)","decl":{"start":{"line":6,"column":26},"end":{"line":6,"column":27}},"loc":{"start":{"line":6,"column":56},"end":{"line":18,"column":3}}}},"branchMap":{},"s":{"0":2,"1":6,"2":2},"f":{"0":6},"b":{}}
,"/Users/etem/Desktop/react-projects/codible-app/codible/src/features/tasks/TaskForm.tsx": {"path":"/Users/etem/Desktop/react-projects/codible-app/codible/src/features/tasks/TaskForm.tsx","statementMap":{"0":{"start":{"line":1,"column":0},"end":{"line":1,"column":40}},"1":{"start":{"line":2,"column":0},"end":{"line":2,"column":50}},"2":{"start":{"line":3,"column":0},"end":{"line":3,"column":52}},"3":{"start":{"line":5,"column":0},"end":{"line":5,"column":42}},"4":{"start":{"line":6,"column":0},"end":{"line":6,"column":49}},"5":{"start":{"line":10,"column":24},"end":{"line":26,"column":1}},"6":{"start":{"line":11,"column":28},"end":{"line":11,"column":40}},"7":{"start":{"line":12,"column":21},"end":{"line":12,"column":47}},"8":{"start":{"line":14,"column":25},"end":{"line":19,"column":5}},"9":{"start":{"line":15,"column":8},"end":{"line":15,"column":27}},"10":{"start":{"line":16,"column":8},"end":{"line":16,"column":33}},"11":{"start":{"line":16,"column":26},"end":{"line":16,"column":33}},"12":{"start":{"line":17,"column":8},"end":{"line":17,"column":39}},"13":{"start":{"line":18,"column":8},"end":{"line":18,"column":20}},"14":{"start":{"line":20,"column":4},"end":{"line":25,"column":null}},"15":{"start":{"line":22,"column":49},"end":{"line":22,"column":72}},"16":{"start":{"line":10,"column":13},"end":{"line":10,"column":24}}},"fnMap":{"0":{"name":"(anonymous_0)","decl":{"start":{"line":10,"column":24},"end":{"line":10,"column":27}},"loc":{"start":{"line":10,"column":29},"end":{"line":26,"column":1}}},"1":{"name":"(anonymous_1)","decl":{"start":{"line":14,"column":25},"end":{"line":14,"column":26}},"loc":{"start":{"line":14,"column":48},"end":{"line":19,"column":5}}},"2":{"name":"(anonymous_2)","decl":{"start":{"line":22,"column":42},"end":{"line":22,"column":43}},"loc":{"start":{"line":22,"column":49},"end":{"line":22,"column":72}}}},"branchMap":{"0":{"loc":{"start":{"line":16,"column":8},"end":{"line":16,"column":33}},"type":"if","locations":[{"start":{"line":16,"column":8},"end":{"line":16,"column":33}}]}},"s":{"0":1,"1":1,"2":1,"3":1,"4":1,"5":1,"6":4,"7":4,"8":4,"9":1,"10":1,"11":0,"12":1,"13":1,"14":4,"15":1,"16":1},"f":{"0":4,"1":1,"2":1},"b":{"0":[0]}}
,"/Users/etem/Desktop/react-projects/codible-app/codible/src/features/tasks/TaskList.tsx": {"path":"/Users/etem/Desktop/react-projects/codible-app/codible/src/features/tasks/TaskList.tsx","statementMap":{"0":{"start":{"line":1,"column":0},"end":{"line":1,"column":55}},"1":{"start":{"line":2,"column":0},"end":{"line":2,"column":38}},"2":{"start":{"line":4,"column":0},"end":{"line":4,"column":52}},"3":{"start":{"line":7,"column":24},"end":{"line":26,"column":1}},"4":{"start":{"line":9,"column":16},"end":{"line":9,"column":68}},"5":{"start":{"line":9,"column":50},"end":{"line":9,"column":67}},"6":{"start":{"line":10,"column":19},"end":{"line":10,"column":45}},"7":{"start":{"line":13,"column":2},"end":{"line":25,"column":4}},"8":{"start":{"line":18,"column":8},"end":{"line":19,"column":null}},"9":{"start":{"line":21,"column":26},"end":{"line":21,"column":55}},"10":{"start":{"line":7,"column":13},"end":{"line":7,"column":24}}},"fnMap":{"0":{"name":"(anonymous_0)","decl":{"start":{"line":7,"column":24},"end":{"line":7,"column":27}},"loc":{"start":{"line":7,"column":29},"end":{"line":26,"column":1}}},"1":{"name":"(anonymous_1)","decl":{"start":{"line":9,"column":28},"end":{"line":9,"column":29}},"loc":{"start":{"line":9,"column":50},"end":{"line":9,"column":67}}},"2":{"name":"(anonymous_2)","decl":{"start":{"line":17,"column":17},"end":{"line":17,"column":18}},"loc":{"start":{"line":18,"column":8},"end":{"line":19,"column":null}}},"3":{"name":"(anonymous_3)","decl":{"start":{"line":21,"column":20},"end":{"line":21,"column":23}},"loc":{"start":{"line":21,"column":26},"end":{"line":21,"column":55}}}},"branchMap":{"0":{"loc":{"start":{"line":15,"column":7},"end":{"line":15,"column":96}},"type":"binary-expr","locations":[{"start":{"line":15,"column":7},"end":{"line":15,"column":25}},{"start":{"line":15,"column":30},"end":{"line":15,"column":95}}]}},"s":{"0":1,"1":1,"2":1,"3":1,"4":4,"5":8,"6":4,"7":4,"8":4,"9":1,"10":1},"f":{"0":4,"1":8,"2":4,"3":1},"b":{"0":[4,2]}}
,"/Users/etem/Desktop/react-projects/codible-app/codible/src/store/tasksSlice.ts": {"path":"/Users/etem/Desktop/react-projects/codible-app/codible/src/store/tasksSlice.ts","statementMap":{"0":{"start":{"line":1,"column":0},"end":{"line":1,"column":61}},"1":{"start":{"line":10,"column":32},"end":{"line":12,"column":null}},"2":{"start":{"line":13,"column":19},"end":{"line":28,"column":2}},"3":{"start":{"line":18,"column":33},"end":{"line":21,"column":null}},"4":{"start":{"line":22,"column":12},"end":{"line":22,"column":38}},"5":{"start":{"line":25,"column":12},"end":{"line":25,"column":81}},"6":{"start":{"line":25,"column":53},"end":{"line":25,"column":79}},"7":{"start":{"line":29,"column":13},"end":{"line":29,"column":36}},"8":{"start":{"line":30,"column":0},"end":{"line":30,"column":34}}},"fnMap":{"0":{"name":"(anonymous_0)","decl":{"start":{"line":17,"column":16},"end":{"line":17,"column":17}},"loc":{"start":{"line":17,"column":54},"end":{"line":23,"column":9}}},"1":{"name":"(anonymous_1)","decl":{"start":{"line":24,"column":19},"end":{"line":24,"column":20}},"loc":{"start":{"line":24,"column":57},"end":{"line":26,"column":9}}},"2":{"name":"(anonymous_2)","decl":{"start":{"line":25,"column":45},"end":{"line":25,"column":46}},"loc":{"start":{"line":25,"column":53},"end":{"line":25,"column":79}}}},"branchMap":{},"s":{"0":3,"1":3,"2":3,"3":6,"4":6,"5":2,"6":3,"7":3,"8":3},"f":{"0":6,"1":2,"2":3},"b":{}}
,"/Users/etem/Desktop/react-projects/codible-app/codible/src/store/themeSlice.ts": {"path":"/Users/etem/Desktop/react-projects/codible-app/codible/src/store/themeSlice.ts","statementMap":{"0":{"start":{"line":1,"column":0},"end":{"line":1,"column":47}},"1":{"start":{"line":7,"column":33},"end":{"line":9,"column":2}},"2":{"start":{"line":11,"column":13},"end":{"line":19,"column":5}},"3":{"start":{"line":16,"column":8},"end":{"line":16,"column":63}},"4":{"start":{"line":21,"column":17},"end":{"line":21,"column":52}},"5":{"start":{"line":22,"column":2},"end":{"line":22,"column":36}}},"fnMap":{"0":{"name":"(anonymous_0)","decl":{"start":{"line":15,"column":19},"end":{"line":15,"column":20}},"loc":{"start":{"line":15,"column":29},"end":{"line":17,"column":7}}}},"branchMap":{"0":{"loc":{"start":{"line":16,"column":21},"end":{"line":16,"column":62}},"type":"cond-expr","locations":[{"start":{"line":16,"column":46},"end":{"line":16,"column":52}},{"start":{"line":16,"column":55},"end":{"line":16,"column":62}}]}},"s":{"0":2,"1":2,"2":2,"3":3,"4":2,"5":2},"f":{"0":3},"b":{"0":[2,1]}}
}
