TN:
SF:src/components/ui/Button.tsx
FN:20,(anonymous_1)
FNF:1
FNH:1
FNDA:10,(anonymous_1)
DA:2,3
DA:14,3
DA:20,3
DA:27,10
LF:4
LH:4
BRDA:24,0,0,6
BRDA:25,1,0,10
BRDA:33,2,0,10
BRDA:33,2,1,0
BRF:4
BRH:3
end_of_record
TN:
SF:src/components/ui/Input.tsx
FN:11,(anonymous_0)
FNF:1
FNH:1
FNDA:6,(anonymous_0)
DA:11,2
DA:18,6
LF:2
LH:2
BRDA:14,0,0,1
BRDA:15,1,0,6
BRDA:16,2,0,6
BRF:3
BRH:3
end_of_record
TN:
SF:src/components/ui/ThemeToggle.tsx
FN:6,(anonymous_0)
FN:8,(anonymous_1)
FN:12,(anonymous_2)
FNF:3
FNH:3
FNDA:4,(anonymous_0)
FNDA:8,(anonymous_1)
FNDA:1,(anonymous_2)
DA:1,1
DA:2,1
DA:4,1
DA:6,1
DA:7,4
DA:8,8
DA:10,4
DA:12,1
LF:8
LH:8
BRDA:16,0,0,2
BRDA:16,0,1,2
BRF:2
BRH:2
end_of_record
TN:
SF:src/features/tasks/TaskCard.tsx
FN:6,(anonymous_0)
FNF:1
FNH:1
FNDA:6,(anonymous_0)
DA:6,2
DA:7,6
LF:2
LH:2
BRF:0
BRH:0
end_of_record
TN:
SF:src/features/tasks/TaskForm.tsx
FN:10,(anonymous_0)
FN:14,(anonymous_1)
FN:22,(anonymous_2)
FNF:3
FNH:3
FNDA:4,(anonymous_0)
FNDA:1,(anonymous_1)
FNDA:1,(anonymous_2)
DA:1,1
DA:2,1
DA:3,1
DA:5,1
DA:6,1
DA:10,1
DA:11,4
DA:12,4
DA:14,4
DA:15,1
DA:16,1
DA:17,1
DA:18,1
DA:20,4
DA:22,1
LF:15
LH:15
BRDA:16,0,0,0
BRF:1
BRH:0
end_of_record
TN:
SF:src/features/tasks/TaskList.tsx
FN:7,(anonymous_0)
FN:9,(anonymous_1)
FN:17,(anonymous_2)
FN:21,(anonymous_3)
FNF:4
FNH:4
FNDA:4,(anonymous_0)
FNDA:8,(anonymous_1)
FNDA:4,(anonymous_2)
FNDA:1,(anonymous_3)
DA:1,1
DA:2,1
DA:4,1
DA:7,1
DA:9,8
DA:10,4
DA:13,4
DA:18,4
DA:21,1
LF:9
LH:9
BRDA:15,0,0,4
BRDA:15,0,1,2
BRF:2
BRH:2
end_of_record
TN:
SF:src/store/tasksSlice.ts
FN:17,(anonymous_0)
FN:24,(anonymous_1)
FN:25,(anonymous_2)
FNF:3
FNH:3
FNDA:6,(anonymous_0)
FNDA:2,(anonymous_1)
FNDA:3,(anonymous_2)
DA:1,3
DA:10,3
DA:13,3
DA:18,6
DA:22,6
DA:25,3
DA:29,3
DA:30,3
LF:8
LH:8
BRF:0
BRH:0
end_of_record
TN:
SF:src/store/themeSlice.ts
FN:15,(anonymous_0)
FNF:1
FNH:1
FNDA:3,(anonymous_0)
DA:1,2
DA:7,2
DA:11,2
DA:16,3
DA:21,2
DA:22,2
LF:6
LH:6
BRDA:16,0,0,2
BRDA:16,0,1,1
BRF:2
BRH:2
end_of_record
